# JRE version: OpenJDK Runtime Environment (8.0_152-b01) (build 1.8.0_152-release-915-b01)
# Java VM: OpenJDK 64-Bit Server VM (25.152-b01 mixed mode windows-amd64 compressed oops)
Heap:
 PSYoungGen      total 458752K, used 207467K [0x00000000e0000000, 0x00000000ffe00000, 0x0000000100000000)
  eden space 397312K, 49% used [0x00000000e0000000,0x00000000ebe9bb60,0x00000000f8400000)
  from space 61440K, 19% used [0x00000000fbf80000,0x00000000fcb7f350,0x00000000ffb80000)
  to   space 60928K, 0% used [0x00000000f8400000,0x00000000f8400000,0x00000000fbf80000)
 ParOldGen       total 241664K, used 139269K [0x00000000a0000000, 0x00000000aec00000, 0x00000000e0000000)
  object space 241664K, 57% used [0x00000000a0000000,0x00000000a8801640,0x00000000aec00000)
 Metaspace       used 111400K, capacity 121590K, committed 121856K, reserved 1155072K
  class space    used 14051K, capacity 16267K, committed 16384K, reserved 1048576K
GC Heap History (10 events):
Event: 6749.945 GC heap before
{Heap before GC invocations=50 (full 4):
 PSYoungGen      total 404992K, used 404559K [0x00000000e0000000, 0x0000000100000000, 0x0000000100000000)
  eden space 399360K, 100% used [0x00000000e0000000,0x00000000f8600000,0x00000000f8600000)
  from space 5632K, 92% used [0x00000000f8600000,0x00000000f8b13f58,0x00000000f8b80000)
  to   space 65536K, 0% used [0x00000000fc000000,0x00000000fc000000,0x0000000100000000)
 ParOldGen       total 241664K, used 135285K [0x00000000a0000000, 0x00000000aec00000, 0x00000000e0000000)
  object space 241664K, 55% used [0x00000000a0000000,0x00000000a841d540,0x00000000aec00000)
 Metaspace       used 110929K, capacity 120878K, committed 121216K, reserved 1155072K
  class space    used 14009K, capacity 16153K, committed 16256K, reserved 1048576K
Event: 6749.960 GC heap after
Heap after GC invocations=50 (full 4):
 PSYoungGen      total 458752K, used 13280K [0x00000000e0000000, 0x0000000100000000, 0x0000000100000000)
  eden space 393216K, 0% used [0x00000000e0000000,0x00000000e0000000,0x00000000f8000000)
  from space 65536K, 20% used [0x00000000fc000000,0x00000000fccf80c0,0x0000000100000000)
  to   space 65536K, 0% used [0x00000000f8000000,0x00000000f8000000,0x00000000fc000000)
 ParOldGen       total 241664K, used 136437K [0x00000000a0000000, 0x00000000aec00000, 0x00000000e0000000)
  object space 241664K, 56% used [0x00000000a0000000,0x00000000a853d5a0,0x00000000aec00000)
 Metaspace       used 110929K, capacity 120878K, committed 121216K, reserved 1155072K
  class space    used 14009K, capacity 16153K, committed 16256K, reserved 1048576K
}
Event: 6782.850 GC heap before
{Heap before GC invocations=51 (full 4):
 PSYoungGen      total 458752K, used 406496K [0x00000000e0000000, 0x0000000100000000, 0x0000000100000000)
  eden space 393216K, 100% used [0x00000000e0000000,0x00000000f8000000,0x00000000f8000000)
  from space 65536K, 20% used [0x00000000fc000000,0x00000000fccf80c0,0x0000000100000000)
  to   space 65536K, 0% used [0x00000000f8000000,0x00000000f8000000,0x00000000fc000000)
 ParOldGen       total 241664K, used 136437K [0x00000000a0000000, 0x00000000aec00000, 0x00000000e0000000)
  object space 241664K, 56% used [0x00000000a0000000,0x00000000a853d5a0,0x00000000aec00000)
 Metaspace       used 111129K, capacity 121238K, committed 121472K, reserved 1155072K
  class space    used 14025K, capacity 16201K, committed 16256K, reserved 1048576K
Event: 6782.874 GC heap after
Heap after GC invocations=51 (full 4):
 PSYoungGen      total 410624K, used 17328K [0x00000000e0000000, 0x00000000fff00000, 0x0000000100000000)
  eden space 393216K, 0% used [0x00000000e0000000,0x00000000e0000000,0x00000000f8000000)
  from space 17408K, 99% used [0x00000000f8000000,0x00000000f90ec1b0,0x00000000f9100000)
  to   space 65024K, 0% used [0x00000000fbf80000,0x00000000fbf80000,0x00000000fff00000)
 ParOldGen       total 241664K, used 136813K [0x00000000a0000000, 0x00000000aec00000, 0x00000000e0000000)
  object space 241664K, 56% used [0x00000000a0000000,0x00000000a859b5a0,0x00000000aec00000)
 Metaspace       used 111129K, capacity 121238K, committed 121472K, reserved 1155072K
  class space    used 14025K, capacity 16201K, committed 16256K, reserved 1048576K
}
Event: 6785.012 GC heap before
{Heap before GC invocations=52 (full 4):
 PSYoungGen      total 410624K, used 410544K [0x00000000e0000000, 0x00000000fff00000, 0x0000000100000000)
  eden space 393216K, 100% used [0x00000000e0000000,0x00000000f8000000,0x00000000f8000000)
  from space 17408K, 99% used [0x00000000f8000000,0x00000000f90ec1b0,0x00000000f9100000)
  to   space 65024K, 0% used [0x00000000fbf80000,0x00000000fbf80000,0x00000000fff00000)
 ParOldGen       total 241664K, used 136813K [0x00000000a0000000, 0x00000000aec00000, 0x00000000e0000000)
  object space 241664K, 56% used [0x00000000a0000000,0x00000000a859b5a0,0x00000000aec00000)
 Metaspace       used 111143K, capacity 121238K, committed 121472K, reserved 1155072K
  class space    used 14025K, capacity 16201K, committed 16256K, reserved 1048576K
Event: 6785.030 GC heap after
Heap after GC invocations=52 (full 4):
 PSYoungGen      total 460800K, used 23368K [0x00000000e0000000, 0x0000000100000000, 0x0000000100000000)
  eden space 395776K, 0% used [0x00000000e0000000,0x00000000e0000000,0x00000000f8280000)
  from space 65024K, 35% used [0x00000000fbf80000,0x00000000fd652228,0x00000000fff00000)
  to   space 62464K, 0% used [0x00000000f8280000,0x00000000f8280000,0x00000000fbf80000)
 ParOldGen       total 241664K, used 138301K [0x00000000a0000000, 0x00000000aec00000, 0x00000000e0000000)
  object space 241664K, 57% used [0x00000000a0000000,0x00000000a870f5d0,0x00000000aec00000)
 Metaspace       used 111143K, capacity 121238K, committed 121472K, reserved 1155072K
  class space    used 14025K, capacity 16201K, committed 16256K, reserved 1048576K
}
Event: 6785.798 GC heap before
{Heap before GC invocations=53 (full 4):
 PSYoungGen      total 460800K, used 418757K [0x00000000e0000000, 0x0000000100000000, 0x0000000100000000)
  eden space 395776K, 99% used [0x00000000e0000000,0x00000000f821f418,0x00000000f8280000)
  from space 65024K, 35% used [0x00000000fbf80000,0x00000000fd652228,0x00000000fff00000)
  to   space 62464K, 0% used [0x00000000f8280000,0x00000000f8280000,0x00000000fbf80000)
 ParOldGen       total 241664K, used 138301K [0x00000000a0000000, 0x00000000aec00000, 0x00000000e0000000)
  object space 241664K, 57% used [0x00000000a0000000,0x00000000a870f5d0,0x00000000aec00000)
 Metaspace       used 111175K, capacity 121244K, committed 121472K, reserved 1155072K
  class space    used 14025K, capacity 16202K, committed 16256K, reserved 1048576K
Event: 6785.815 GC heap after
Heap after GC invocations=53 (full 4):
 PSYoungGen      total 458240K, used 17453K [0x00000000e0000000, 0x00000000ffb80000, 0x0000000100000000)
  eden space 395776K, 0% used [0x00000000e0000000,0x00000000e0000000,0x00000000f8280000)
  from space 62464K, 27% used [0x00000000f8280000,0x00000000f938b5d8,0x00000000fbf80000)
  to   space 61440K, 0% used [0x00000000fbf80000,0x00000000fbf80000,0x00000000ffb80000)
 ParOldGen       total 241664K, used 138613K [0x00000000a0000000, 0x00000000aec00000, 0x00000000e0000000)
  object space 241664K, 57% used [0x00000000a0000000,0x00000000a875d5d0,0x00000000aec00000)
 Metaspace       used 111175K, capacity 121244K, committed 121472K, reserved 1155072K
  class space    used 14025K, capacity 16202K, committed 16256K, reserved 1048576K
}
Event: 6799.714 GC heap before
{Heap before GC invocations=54 (full 4):
 PSYoungGen      total 458240K, used 413122K [0x00000000e0000000, 0x00000000ffb80000, 0x0000000100000000)
  eden space 395776K, 99% used [0x00000000e0000000,0x00000000f82652a0,0x00000000f8280000)
  from space 62464K, 27% used [0x00000000f8280000,0x00000000f938b5d8,0x00000000fbf80000)
  to   space 61440K, 0% used [0x00000000fbf80000,0x00000000fbf80000,0x00000000ffb80000)
 ParOldGen       total 241664K, used 138613K [0x00000000a0000000, 0x00000000aec00000, 0x00000000e0000000)
  object space 241664K, 57% used [0x00000000a0000000,0x00000000a875d5d0,0x00000000aec00000)
 Metaspace       used 111328K, capacity 121510K, committed 121856K, reserved 1155072K
  class space    used 14049K, capacity 16265K, committed 16384K, reserved 1048576K
Event: 6799.741 GC heap after
Heap after GC invocations=54 (full 4):
 PSYoungGen      total 458752K, used 12284K [0x00000000e0000000, 0x00000000ffe00000, 0x0000000100000000)
  eden space 397312K, 0% used [0x00000000e0000000,0x00000000e0000000,0x00000000f8400000)
  from space 61440K, 19% used [0x00000000fbf80000,0x00000000fcb7f350,0x00000000ffb80000)
  to   space 60928K, 0% used [0x00000000f8400000,0x00000000f8400000,0x00000000fbf80000)
 ParOldGen       total 241664K, used 139269K [0x00000000a0000000, 0x00000000aec00000, 0x00000000e0000000)
  object space 241664K, 57% used [0x00000000a0000000,0x00000000a8801640,0x00000000aec00000)
 Metaspace       used 111328K, capacity 121510K, committed 121856K, reserved 1155072K
  class space    used 14049K, capacity 16265K, committed 16384K, reserved 1048576K
}

